<?xml version="1.0" encoding="UTF-8"?>
<testsuite xmlns:xsi="http://www.w3.org/2001/XMLSchema-instance" xsi:noNamespaceSchemaLocation="https://maven.apache.org/surefire/maven-surefire-plugin/xsd/surefire-test-report.xsd" version="3.0.2" name="com.example.API_Fabrica_Software.ApiFabricaSoftwareApplicationTests" time="23.144" tests="1" errors="0" skipped="0" failures="0">
  <properties>
[...]
</properties>
  <testcase name="contextLoads" classname="com.example.API_Fabrica_Software.ApiFabricaSoftwareApplicationTests" time="1.201">
    <system-out><![CDATA[15:41:19.460 [main] INFO org.springframework.test.context.support.AnnotationConfigContextLoaderUtils -- Could not detect default configuration classes for test class [com.example.API_Fabrica_Software.ApiFabricaSoftwareApplicationTests]: ApiFabricaSoftwareApplicationTests does not declare any static, non-private, non-final, nested classes annotated with @Configuration.
15:41:19.930 [main] INFO org.springframework.boot.test.context.SpringBootTestContextBootstrapper -- Found @SpringBootConfiguration com.example.API_Fabrica_Software.ApiFabricaSoftwareApplication for test class com.example.API_Fabrica_Software.ApiFabricaSoftwareApplicationTests
15:41:20.686 [main] INFO org.springframework.boot.devtools.restart.RestartApplicationListener -- Restart disabled due to context in which it is running

  .   ____          _            __ _ _
 /\\ / ___'_ __ _ _(_)_ __  __ _ \ \ \ \
( ( )\___ | '_ | '_| | '_ \/ _` | \ \ \ \
 \\/  ___)| |_)| | | | | || (_| |  ) ) ) )
  '  |____| .__|_| |_|_| |_\__, | / / / /
 =========|_|==============|___/=/_/_/_/

 :: Spring Boot ::                (v4.0.0)

2026-01-15T15:41:21.801-03:00  INFO 16364 --- [API_Fabrica_Software] [           main] c.e.A.ApiFabricaSoftwareApplicationTests : Starting ApiFabricaSoftwareApplicationTests using Java 21.0.2 with PID 16364 (started by ismailer.junior in C:\Users\ismailer.junior\Documents\GitHub\gerenciadorprojetos\API_Fabrica_Software)
2026-01-15T15:41:21.804-03:00  INFO 16364 --- [API_Fabrica_Software] [           main] c.e.A.ApiFabricaSoftwareApplicationTests : No active profile set, falling back to 1 default profile: "default"
2026-01-15T15:41:26.427-03:00  INFO 16364 --- [API_Fabrica_Software] [           main] .s.d.r.c.RepositoryConfigurationDelegate : Bootstrapping Spring Data JPA repositories in DEFAULT mode.
2026-01-15T15:41:26.714-03:00  INFO 16364 --- [API_Fabrica_Software] [           main] .s.d.r.c.RepositoryConfigurationDelegate : Finished Spring Data repository scanning in 265 ms. Found 7 JPA repository interfaces.
2026-01-15T15:41:29.508-03:00  INFO 16364 --- [API_Fabrica_Software] [           main] com.zaxxer.hikari.HikariDataSource       : HikariPool-1 - Starting...
2026-01-15T15:41:30.051-03:00  INFO 16364 --- [API_Fabrica_Software] [           main] com.zaxxer.hikari.pool.HikariPool        : HikariPool-1 - Added connection org.postgresql.jdbc.PgConnection@224e6e88
2026-01-15T15:41:30.053-03:00  INFO 16364 --- [API_Fabrica_Software] [           main] com.zaxxer.hikari.HikariDataSource       : HikariPool-1 - Start completed.
2026-01-15T15:41:30.104-03:00  INFO 16364 --- [API_Fabrica_Software] [           main] org.flywaydb.core.FlywayExecutor         : Database: jdbc:postgresql://localhost:5439/fabrica_software (PostgreSQL 15.7)
2026-01-15T15:41:30.267-03:00  INFO 16364 --- [API_Fabrica_Software] [           main] o.f.core.internal.command.DbValidate     : Successfully validated 4 migrations (execution time 00:00.093s)
2026-01-15T15:41:30.397-03:00  INFO 16364 --- [API_Fabrica_Software] [           main] o.f.core.internal.command.DbMigrate      : Current version of schema "public": 3
2026-01-15T15:41:30.457-03:00  INFO 16364 --- [API_Fabrica_Software] [           main] o.f.core.internal.command.DbMigrate      : Schema "public" is up to date. No migration necessary.
2026-01-15T15:41:31.168-03:00  INFO 16364 --- [API_Fabrica_Software] [           main] o.hibernate.jpa.internal.util.LogHelper  : HHH000204: Processing PersistenceUnitInfo [name: default]
2026-01-15T15:41:31.604-03:00  INFO 16364 --- [API_Fabrica_Software] [           main] org.hibernate.Version                    : HHH000412: Hibernate ORM core version 7.1.8.Final
2026-01-15T15:41:33.218-03:00  INFO 16364 --- [API_Fabrica_Software] [           main] o.s.o.j.p.SpringPersistenceUnitInfo      : No LoadTimeWeaver setup: ignoring JPA class transformer
2026-01-15T15:41:33.469-03:00  INFO 16364 --- [API_Fabrica_Software] [           main] org.hibernate.orm.connections.pooling    : HHH10001005: Database info:
	Database JDBC URL [jdbc:postgresql://localhost:5439/fabrica_software]
	Database driver: PostgreSQL JDBC Driver
	Database dialect: PostgreSQLDialect
	Database version: 15.7
	Default catalog/schema: fabrica_software/public
	Autocommit mode: undefined/unknown
	Isolation level: READ_COMMITTED [default READ_COMMITTED]
	JDBC fetch size: none
	Pool: DatasourceConnectionProviderImpl
	Minimum pool size: undefined/unknown
	Maximum pool size: undefined/unknown
2026-01-15T15:41:36.381-03:00  INFO 16364 --- [API_Fabrica_Software] [           main] o.h.e.t.j.p.i.JtaPlatformInitiator       : HHH000489: No JTA platform available (set 'hibernate.transaction.jta.platform' to enable JTA platform integration)
2026-01-15T15:41:36.400-03:00  INFO 16364 --- [API_Fabrica_Software] [           main] j.LocalContainerEntityManagerFactoryBean : Initialized JPA EntityManagerFactory for persistence unit 'default'
2026-01-15T15:41:36.640-03:00  INFO 16364 --- [API_Fabrica_Software] [           main] o.s.d.j.r.query.QueryEnhancerFactories   : Hibernate is in classpath; If applicable, HQL parser will be used.
2026-01-15T15:41:38.466-03:00  WARN 16364 --- [API_Fabrica_Software] [           main] JpaBaseConfiguration$JpaWebConfiguration : spring.jpa.open-in-view is enabled by default. Therefore, database queries may be performed during view rendering. Explicitly configure spring.jpa.open-in-view to disable this warning
2026-01-15T15:41:38.699-03:00  INFO 16364 --- [API_Fabrica_Software] [           main] o.s.v.b.OptionalValidatorFactoryBean     : Failed to set up a Bean Validation provider: jakarta.validation.NoProviderFoundException: Unable to create a Configuration, because no Jakarta Validation provider could be found. Add a provider like Hibernate Validator (RI) to your classpath.
2026-01-15T15:41:40.552-03:00  INFO 16364 --- [API_Fabrica_Software] [           main] c.e.A.ApiFabricaSoftwareApplicationTests : Started ApiFabricaSoftwareApplicationTests in 19.953 seconds (process running for 25.595)
]]></system-out>
    <system-err><![CDATA[Mockito is currently self-attaching to enable the inline-mock-maker. This will no longer work in future releases of the JDK. Please add Mockito as an agent to your build as described in Mockito's documentation: https://javadoc.io/doc/org.mockito/mockito-core/latest/org.mockito/org/mockito/Mockito.html#0.3
WARNING: A Java agent has been loaded dynamically (C:\Users\ismailer.junior\.m2\repository\net\bytebuddy\byte-buddy-agent\1.17.8\byte-buddy-agent-1.17.8.jar)
WARNING: If a serviceability tool is in use, please run with -XX:+EnableDynamicAgentLoading to hide this warning
WARNING: If a serviceability tool is not in use, please run with -Djdk.instrument.traceUsage for more information
WARNING: Dynamic loading of agents will be disallowed by default in a future release
]]></system-err>
  </testcase>
</testsuite>